Flutter crash report; please file at https://github.com/flutter/flutter/issues.

## command

flutter build apk

## exception

FormatException: FormatException: Bad UTF-8 encoding 0xc3 (at offset 172)

```
#0      _Utf8Decoder.convert (dart:convert/utf.dart:490)
#1      _Utf8ConversionSink.addSlice (dart:convert/string_conversion.dart:345)
#2      _Utf8ConversionSink.add (dart:convert/string_conversion.dart:341)
#3      _ConverterStreamEventSink.add (dart:convert/chunked_conversion.dart:86)
#4      _SinkTransformerStreamSubscription._handleData (dart:async/stream_transformers.dart:120)
#5      _rootRunUnary (dart:async/zone.dart:1134)
#6      _CustomZone.runUnary (dart:async/zone.dart:1031)
#7      _CustomZone.runUnaryGuarded (dart:async/zone.dart:933)
#8      _BufferingStreamSubscription._sendData (dart:async/stream_impl.dart:330)
#9      _BufferingStreamSubscription._add (dart:async/stream_impl.dart:257)
#10     _StreamController&&_SyncStreamControllerDispatch._sendData (dart:async/stream_controller.dart:763)
#11     _StreamController._add (dart:async/stream_controller.dart:639)
#12     _StreamController.add (dart:async/stream_controller.dart:585)
#13     _Socket._onData (dart:io-patch/socket_patch.dart:1672)
#14     _rootRunUnary (dart:async/zone.dart:1138)
#15     _CustomZone.runUnary (dart:async/zone.dart:1031)
#16     _CustomZone.runUnaryGuarded (dart:async/zone.dart:933)
#17     _BufferingStreamSubscription._sendData (dart:async/stream_impl.dart:330)
#18     _BufferingStreamSubscription._add (dart:async/stream_impl.dart:257)
#19     _StreamController&&_SyncStreamControllerDispatch._sendData (dart:async/stream_controller.dart:763)
#20     _StreamController._add (dart:async/stream_controller.dart:639)
#21     _StreamController.add (dart:async/stream_controller.dart:585)
#22     new _RawSocket.<anonymous closure> (dart:io-patch/socket_patch.dart:1245)
#23     _NativeSocket.issueReadEvent.issue (dart:io-patch/socket_patch.dart:797)
#24     _microtaskLoop (dart:async/schedule_microtask.dart:41)
#25     _startMicrotaskLoop (dart:async/schedule_microtask.dart:50)
#26     _runPendingImmediateCallback (dart:isolate-patch/dart:isolate/isolate_patch.dart:113)
#27     _RawReceivePortImpl._handleMessage (dart:isolate-patch/dart:isolate/isolate_patch.dart:166)
```

## flutter doctor

```
[✓] Flutter (Channel beta, v0.5.1, on Microsoft Windows [Version 10.0.14393], locale zh-CN)
    • Flutter version 0.5.1 at D:\flutter
    • Framework revision c7ea3ca377 (8 weeks ago), 2018-05-29 21:07:33 +0200
    • Engine revision 1ed25ca7b7
    • Dart version 2.0.0-dev.58.0.flutter-f981f09760

[!] Android toolchain - develop for Android devices (Android SDK 27.0.3)
    • Android SDK at D:\Android\sdk
    • Android NDK location not configured (optional; useful for native profiling support)
    • Platform android-27, build-tools 27.0.3
    • ANDROID_HOME = D:\Android\sdk
    • Java binary at: D:\Android\Android Studio\jre\bin\java
    • Java version OpenJDK Runtime Environment (build 1.8.0_152-release-915-b01)
    ✗ Android license status unknown.

[✓] Android Studio (version 3.0)
    • Android Studio at D:\Android\Android Studio
    ✗ Flutter plugin not installed; this adds Flutter specific functionality.
    ✗ Dart plugin not installed; this adds Dart specific functionality.
    • Java version OpenJDK Runtime Environment (build 1.8.0_152-release-915-b01)

[!] IntelliJ IDEA Ultimate Edition (version 2017.2)
    • IntelliJ at D:\JetBrains\IntelliJ IDEA 2017.2
    ✗ Flutter plugin not installed; this adds Flutter specific functionality.
    ✗ Dart plugin not installed; this adds Dart specific functionality.
    • For information about installing plugins, see
      https://flutter.io/intellij-setup/#installing-the-plugins

[✓] Connected devices (2 available)
    • KNT AL20                                     • TWGDU16B26002896     • android-arm64 • Android 7.0 (API 24)
    • Google Galaxy Nexus, 4 2 2, API 17, 720x1280 • 192.168.176.101:5555 • android-x86   • Android 4.2.2 (API 17)

! Doctor found issues in 2 categories.
```
